d:\ia\myproject\iar\westworldwithmessaging\debug\westworldwithmessaging.bsc
d:\ia\myproject\iar\westworldwithmessaging\debug\vc141.pdb
d:\ia\myproject\iar\westworldwithmessaging\debug\vc141.idb
d:\ia\myproject\iar\westworldwithmessaging\debug\minerswifeownedstates.sbr
d:\ia\myproject\iar\westworldwithmessaging\debug\minerswife.sbr
d:\ia\myproject\iar\westworldwithmessaging\debug\minerownedstates.sbr
d:\ia\myproject\iar\westworldwithmessaging\debug\miner.sbr
d:\ia\myproject\iar\westworldwithmessaging\debug\messagedispatcher.sbr
d:\ia\myproject\iar\westworldwithmessaging\debug\main.sbr
d:\ia\myproject\iar\westworldwithmessaging\debug\entitymanager.sbr
d:\ia\myproject\iar\westworldwithmessaging\debug\basegameentity.sbr
d:\ia\myproject\iar\westworldwithmessaging\debug\crudetimer.sbr
d:\ia\myproject\iar\westworldwithmessaging\debug\crudetimer.obj
d:\ia\myproject\iar\westworldwithmessaging\debug\basegameentity.obj
d:\ia\myproject\iar\westworldwithmessaging\debug\entitymanager.obj
d:\ia\myproject\iar\westworldwithmessaging\debug\main.obj
d:\ia\myproject\iar\westworldwithmessaging\debug\messagedispatcher.obj
d:\ia\myproject\iar\westworldwithmessaging\debug\miner.obj
d:\ia\myproject\iar\westworldwithmessaging\debug\minerownedstates.obj
d:\ia\myproject\iar\westworldwithmessaging\debug\minerswife.obj
d:\ia\myproject\iar\westworldwithmessaging\debug\minerswifeownedstates.obj
d:\ia\myproject\iar\westworldwithmessaging\debug\westworldwithmessaging.exe
d:\ia\myproject\iar\westworldwithmessaging\debug\westworldwithmessaging.ilk
d:\ia\myproject\iar\westworldwithmessaging\debug\westworldwithmessaging.pdb
d:\ia\myproject\iar\westworldwithmessaging\.\debug\westworldwithmessaging.exe
d:\ia\myproject\iar\westworldwithmessaging\debug\westworl.0e2c3421.tlog\bscmake.command.1.tlog
d:\ia\myproject\iar\westworldwithmessaging\debug\westworl.0e2c3421.tlog\bscmake.read.1.tlog
d:\ia\myproject\iar\westworldwithmessaging\debug\westworl.0e2c3421.tlog\bscmake.write.1.tlog
d:\ia\myproject\iar\westworldwithmessaging\debug\westworl.0e2c3421.tlog\cl.command.1.tlog
d:\ia\myproject\iar\westworldwithmessaging\debug\westworl.0e2c3421.tlog\cl.read.1.tlog
d:\ia\myproject\iar\westworldwithmessaging\debug\westworl.0e2c3421.tlog\cl.write.1.tlog
d:\ia\myproject\iar\westworldwithmessaging\debug\westworl.0e2c3421.tlog\link.command.1.tlog
d:\ia\myproject\iar\westworldwithmessaging\debug\westworl.0e2c3421.tlog\link.read.1.tlog
d:\ia\myproject\iar\westworldwithmessaging\debug\westworl.0e2c3421.tlog\link.write.1.tlog
